android/app/build/outputs/mapping/release/seeds.txt
androidx.appcompat.widget.ViewStubCompat
kotlin.jvm.internal.FunctionReference: boolean isInline()
androidx.appcompat.widget.SearchView: java.lang.CharSequence getQueryHint()
androidx.appcompat.widget.Toolbar: void setNavigationContentDescription(int)
androidx.appcompat.widget.AppCompatAutoCompleteTextView: void setDropDownBackgroundResource(int)
kotlin.jvm.internal.FunctionReference: kotlin.reflect.KFunction getReflected()
androidx.appcompat.widget.Toolbar: void setSubtitle(int)
io.flutter.embedding.engine.FlutterJNI: void removeIsDisplayingFlutterUiListener(io.flutter.embedding.engine.renderer.FlutterUiDisplayListener)
androidx.window.layout.WindowMetricsCalculatorCompat: androidx.window.layout.WindowMetricsCalculatorCompat INSTANCE
androidx.window.core.Bounds: int hashCode()
androidx.appcompat.widget.ViewStubCompat: void setInflatedId(int)
androidx.appcompat.widget.LinearLayoutCompat: int getOrientation()
com.google.android.gms.ads.formats.MediaView: void setMediaContent(com.google.android.gms.ads.MediaContent)
androidx.browser.browseractions.BrowserActionsFallbackMenuView
com.google.android.gms.internal.ads.zzfry
kotlinx.coroutines.internal.AtomicOp
androidx.window.layout.DisplayCompatHelperApi28: int safeInsetLeft(android.view.DisplayCutout)
androidx.window.layout.SidecarCompat$DistinctSidecarElementCallback: androidx.window.layout.SidecarAdapter sidecarAdapter
androidx.appcompat.widget.LinearLayoutCompat: float getWeightSum()
androidx.window.layout.WindowMetricsCalculator$Companion$decorator$1: java.lang.Object invoke(java.lang.Object)
com.google.android.gms.internal.ads.zzayc: com.google.android.gms.internal.ads.zzayc zzg
androidx.window.embedding.SplitPairRule: boolean finishSecondaryWithPrimary
androidx.window.layout.SidecarWindowBackend$WindowLayoutChangeCallbackWrapper: void accept(androidx.window.layout.WindowLayoutInfo)
androidx.appcompat.widget.AppCompatImageButton: android.graphics.PorterDuff$Mode getSupportBackgroundTintMode()
com.google.android.gms.internal.ads.zzfud: com.google.android.gms.internal.ads.zzfug zze
io.flutter.embedding.engine.FlutterJNI: java.util.Set flutterUiDisplayListeners
kotlin.coroutines.jvm.internal.BaseContinuationImpl: kotlin.coroutines.Continuation getCompletion()
io.flutter.embedding.engine.FlutterJNI: void nativeSurfaceWindowChanged(long,android.view.Surface)
com.google.android.gms.internal.ads.zzftu
com.google.android.gms.internal.ads.zzbx: com.google.android.gms.internal.ads.zzbx zzg
androidx.window.R$attr: int finishSecondaryWithPrimary
androidx.media.AudioAttributesImplApi21Parcelizer: AudioAttributesImplApi21Parcelizer()
androidx.core.widget.NestedScrollView: int getNestedScrollAxes()
kotlinx.coroutines.EventLoopImplBase: int _isCompleted
kotlin.jvm.internal.CallableReference: java.lang.Object callBy(java.util.Map)
kotlin.coroutines.jvm.internal.SuspendLambda: SuspendLambda(int,kotlin.coroutines.Continuation)
io.flutter.view.FlutterCallbackInformation: java.lang.String callbackName
androidx.appcompat.widget.Toolbar: void setLogo(int)
com.google.android.gms.internal.ads.zzawa: int zzf
kotlin.jvm.internal.CallableReference: java.lang.Object receiver
io.flutter.embedding.engine.FlutterJNI: android.graphics.Bitmap nativeGetBitmap(long)
androidx.window.layout.SidecarCompat
androidx.appcompat.widget.AppCompatImageButton: void setImageURI(android.net.Uri)
com.google.android.gms.internal.ads.zzayx: com.google.android.gms.internal.ads.zzayx zzj
com.google.android.gms.internal.ads.zzdc: long zzu
com.google.android.gms.internal.ads.zzavi: com.google.android.gms.internal.ads.zzavi[] values()
com.google.android.gms.internal.ads.zzfsh: int zzb
com.google.android.gms.internal.ads.zzayz
android.support.v4.media.session.MediaSessionCompat$Token
io.flutter.embedding.engine.FlutterJNI: android.graphics.Bitmap decodeImage(java.nio.ByteBuffer,long)
androidx.window.layout.FoldingFeature$Orientation$Companion