android/app/build/outputs/mapping/release/mapping.txt
# compiler: R8
# compiler_version: 2.1.62
# min_api: 21
# pg_map_id: d239d87
# common_typos_disable
...
com.google.ads.mediation.customevent.CustomEventBannerListener -> com.google.ads.mediation.customevent.a:
com.google.ads.mediation.customevent.CustomEventInterstitialListener -> com.google.ads.mediation.customevent.b:
com.google.ads.mediation.customevent.CustomEventServerParameters -> com.google.ads.mediation.customevent.c:
    java.lang.String label -> a
    java.lang.String parameter -> c
    java.lang.String className -> b
com.google.ads.mediation.customevent.zza -> com.google.ads.mediation.customevent.d:
com.google.ads.mediation.customevent.zzb -> com.google.ads.mediation.customevent.e:
com.google.ads.mediation.zza -> com.google.ads.mediation.g:
    void trackViews(android.view.View,java.util.Map,java.util.Map) -> E
com.google.ads.mediation.zzb -> com.google.ads.mediation.h:
    com.google.ads.mediation.AbstractAdViewAdapter zza -> f
    com.google.android.gms.ads.mediation.MediationBannerListener zzb -> g
    void onAppEvent(java.lang.String,java.lang.String) -> h
    void onAdClosed() -> k
    void onAdFailedToLoad(com.google.android.gms.ads.LoadAdError) -> l
    void onAdLoaded() -> o
    void onAdOpened() -> s
    void onAdClicked() -> z
com.google.ads.mediation.zzc -> com.google.ads.mediation.i:
    com.google.ads.mediation.AbstractAdViewAdapter zza -> a
    com.google.android.gms.ads.mediation.MediationInterstitialListener zzb -> b
    void onAdFailedToLoad(com.google.android.gms.ads.LoadAdError) -> a
    void onAdLoaded(java.lang.Object) -> b
com.google.ads.mediation.zzd -> com.google.ads.mediation.j:
    com.google.ads.mediation.AbstractAdViewAdapter zza -> a
    com.google.android.gms.ads.mediation.MediationInterstitialListener zzb -> b
    void onAdDismissedFullScreenContent() -> a
    void onAdShowedFullScreenContent() -> d
com.google.ads.mediation.zze -> com.google.ads.mediation.k:
    com.google.ads.mediation.AbstractAdViewAdapter zza -> f
    com.google.android.gms.ads.mediation.MediationNativeListener zzb -> g
    void onCustomClick(com.google.android.gms.ads.formats.NativeCustomTemplateAd,java.lang.String) -> b
    void onUnifiedNativeAdLoaded(com.google.android.gms.ads.formats.UnifiedNativeAd) -> d
    void onCustomTemplateAdLoaded(com.google.android.gms.ads.formats.NativeCustomTemplateAd) -> f
    void onAdClosed() -> k
    void onAdFailedToLoad(com.google.android.gms.ads.LoadAdError) -> l
    void onAdImpression() -> n
    void onAdLoaded() -> o
    void onAdOpened() -> s
    void onAdClicked() -> z
com.google.android.gms.ads.AdActivity -> com.google.android.gms.ads.AdActivity:
    com.google.android.gms.internal.ads.zzbvo zza -> f
    void zza() -> a
com.google.android.gms.ads.AdError -> com.google.android.gms.ads.a:
    com.google.android.gms.ads.AdError zzd -> d
    java.lang.String zzc -> c
    java.lang.String zzb -> b
    int zza -> a
    int getCode() -> a
    java.lang.String getDomain() -> b
    java.lang.String getMessage() -> c
    com.google.android.gms.internal.ads.zzazm zza() -> d
    org.json.JSONObject zzb() -> e
com.google.android.gms.ads.AdFormat -> com.google.android.gms.ads.b:
    com.google.android.gms.ads.AdFormat REWARDED -> h
    com.google.android.gms.ads.AdFormat INTERSTITIAL -> g
    com.google.android.gms.ads.AdFormat BANNER -> f
    com.google.android.gms.ads.AdFormat UNKNOWN -> k
    com.google.android.gms.ads.AdFormat NATIVE -> j
    com.google.android.gms.ads.AdFormat REWARDED_INTERSTITIAL -> i
    com.google.android.gms.ads.AdFormat[] zza -> l
com.google.android.gms.ads.AdListener -> com.google.android.gms.ads.c:
    void onAdClosed() -> k
    void onAdFailedToLoad(com.google.android.gms.ads.LoadAdError) -> l
    void onAdImpression() -> n
    void onAdLoaded() -> o
    void onAdOpened() -> s
    void onAdClicked() -> z
com.google.android.gms.ads.AdLoadCallback -> com.google.android.gms.ads.d:
    void onAdFailedToLoad(com.google.android.gms.ads.LoadAdError) -> a
    void onAdLoaded(java.lang.Object) -> b