android/app/build/outputs/mapping/release/usage.txt
creador.defrases.paravideos.R$anim
creador.defrases.paravideos.R$dimen
creador.defrases.paravideos.R$color
creador.defrases.paravideos.BuildConfig
creador.defrases.paravideos.R$styleable
creador.defrases.paravideos.MainActivity
creador.defrases.paravideos.R$layout
creador.defrases.paravideos.R$xml
creador.defrases.paravideos.R$id
creador.defrases.paravideos.R
creador.defrases.paravideos.R$mipmap
creador.defrases.paravideos.R$attr
creador.defrases.paravideos.R$style
creador.defrases.paravideos.R$drawable
creador.defrases.paravideos.R$string
creador.defrases.paravideos.R$bool
creador.defrases.paravideos.R$integer
...
androidx.drawerlayout.R
androidx.vectordrawable.R$drawable
androidx.core.view.DragStartHelper
com.google.android.gms.internal.consent_sdk.zzau
io.flutter.embedding.engine.FlutterShellArgs
org.apache.commons.io.input.MessageDigestCalculatingInputStream
com.google.common.primitives.Shorts$ShortArrayAsList
kotlinx.coroutines.channels.ChannelsKt__Channels_commonKt$consumeEach$1
android.support.v4.media.session.MediaControllerCompat$MediaControllerImplApi23
androidx.core.text.TextDirectionHeuristicCompat
androidx.customview.widget.ExploreByTouchHelper$1
androidx.core.app.SharedElementCallback
com.google.android.gms.internal.ads.zzfis:
    final boolean zzf()
androidx.work.impl.model.DependencyDao:
    public abstract java.util.List getPrerequisites(java.lang.String)
io.flutter.plugins.imagepicker.R$xml
kotlinx.coroutines.internal.ExceptionsConstuctorKt$safeCtor$1
com.google.common.collect.Synchronized$SynchronizedAsMapEntries$1
kotlin.UByte$Companion
io.github.ponnamkarthik.toast.fluttertoast.R$attr
com.google.common.reflect.TypeToken$ClassSet
com.google.common.collect.MapMaker
androidx.core.view.PointerIconCompat
io.flutter.embedding.engine.renderer.FlutterRenderer$DisplayFeatureType
androidx.appcompat.view.SupportMenuInflater$MenuState:
    private static final int defaultGroupId
    private static final int defaultItemId
    private static final int defaultItemCategory
    private static final int defaultItemOrder
    private static final int defaultItemCheckable
    private static final boolean defaultItemChecked
    private static final boolean defaultItemVisible
    private static final boolean defaultItemEnabled
androidx.annotation.ColorInt
io.flutter.plugins.pathprovider.R$string
com.google.android.gms.internal.ads.zzfky:
    private void <init>()
com.google.common.collect.Iterators$7
com.google.common.base.FinalizableReferenceQueue$DecoupledLoader
com.google.common.hash.MacHashFunction$MacHasher
kotlinx.coroutines.flow.FlowKt__BuildersKt$asFlow$$inlined$unsafeFlow$6$1
com.google.gson.internal.UnsafeAllocator$3
com.google.common.collect.CompactHashMap$3
kotlinx.coroutines.flow.ThrowingCollector
com.google.gson.ExclusionStrategy
kotlin.sequences.FilteringSequence$iterator$1
androidx.core.view.WindowInsetsCompat$Builder
com.google.android.gms.common.config.zze
com.tekartik.sqflite.BuildConfig
com.google.common.collect.ForwardingSortedMultiset$StandardElementSet
androidx.core.text.PrecomputedTextCompat:
    public static androidx.core.text.PrecomputedTextCompat create(java.lang.CharSequence,androidx.core.text.PrecomputedTextCompat$Params)
    private void <init>(java.lang.CharSequence,androidx.core.text.PrecomputedTextCompat$Params,int[])
    private void <init>(android.text.PrecomputedText,androidx.core.text.PrecomputedTextCompat$Params)
    public static java.util.concurrent.Future getTextFuture(java.lang.CharSequence,androidx.core.text.PrecomputedTextCompat$Params,java.util.concurrent.Executor)
    public int getParagraphCount()
    public int getParagraphStart(int)
    public int getParagraphEnd(int)
    private final int[] mParagraphEnds
    private static final char LINE_FEED
kotlinx.coroutines.channels.LazyActorCoroutine
com.google.common.annotations.VisibleForTesting
kotlinx.coroutines.channels.ChannelsKt__DeprecatedKt$consumesAll$1